# JRE version: OpenJDK Runtime Environment (8.0_312-b07) (build 1.8.0_312-b07)
# Java VM: OpenJDK 64-Bit Server VM (25.312-b07 mixed mode windows-amd64 compressed oops)
Heap:
 PSYoungGen      total 2357248K, used 275213K [0x0000000716b00000, 0x00000007bd680000, 0x00000007c0000000)
  eden space 2004480K, 5% used [0x0000000716b00000,0x000000071dd8b078,0x0000000791080000)
  from space 352768K, 44% used [0x0000000791080000,0x000000079aab8630,0x00000007a6900000)
  to   space 336384K, 0% used [0x00000007a8e00000,0x00000007a8e00000,0x00000007bd680000)
 ParOldGen       total 1023488K, used 876006K [0x00000005c4000000, 0x0000000602780000, 0x0000000716b00000)
  object space 1023488K, 85% used [0x00000005c4000000,0x00000005f9779be8,0x0000000602780000)
 Metaspace       used 153185K, capacity 157047K, committed 157440K, reserved 1179648K
  class space    used 25872K, capacity 27331K, committed 27392K, reserved 1048576K
GC Heap History (10 events):
Event: 83.536 GC heap before
{Heap before GC invocations=36 (full 5):
 PSYoungGen      total 2233344K, used 240169K [0x0000000716b00000, 0x00000007c0000000, 0x00000007c0000000)
  eden space 1992704K, 0% used [0x0000000716b00000,0x0000000716b00000,0x0000000790500000)
  from space 240640K, 99% used [0x0000000790500000,0x000000079ef8a658,0x000000079f000000)
  to   space 397824K, 0% used [0x00000007a7b80000,0x00000007a7b80000,0x00000007c0000000)
 ParOldGen       total 675328K, used 606809K [0x00000005c4000000, 0x00000005ed380000, 0x0000000716b00000)
  object space 675328K, 89% used [0x00000005c4000000,0x00000005e90966b0,0x00000005ed380000)
 Metaspace       used 127251K, capacity 130137K, committed 130560K, reserved 1157120K
  class space    used 20918K, capacity 21986K, committed 22016K, reserved 1048576K
Event: 85.392 GC heap after
Heap after GC invocations=36 (full 5):
 PSYoungGen      total 2233344K, used 122386K [0x0000000716b00000, 0x00000007c0000000, 0x00000007c0000000)
  eden space 1992704K, 0% used [0x0000000716b00000,0x0000000716b00000,0x0000000790500000)
  from space 240640K, 50% used [0x0000000790500000,0x0000000797c84ae8,0x000000079f000000)
  to   space 397824K, 0% used [0x00000007a7b80000,0x00000007a7b80000,0x00000007c0000000)
 ParOldGen       total 1023488K, used 674840K [0x00000005c4000000, 0x0000000602780000, 0x0000000716b00000)
  object space 1023488K, 65% used [0x00000005c4000000,0x00000005ed3063b8,0x0000000602780000)
 Metaspace       used 127251K, capacity 130137K, committed 130560K, reserved 1157120K
  class space    used 20918K, capacity 21986K, committed 22016K, reserved 1048576K
}
Event: 88.286 GC heap before
{Heap before GC invocations=37 (full 5):
 PSYoungGen      total 2233344K, used 2115090K [0x0000000716b00000, 0x00000007c0000000, 0x00000007c0000000)
  eden space 1992704K, 100% used [0x0000000716b00000,0x0000000790500000,0x0000000790500000)
  from space 240640K, 50% used [0x0000000790500000,0x0000000797c84ae8,0x000000079f000000)
  to   space 397824K, 0% used [0x00000007a7b80000,0x00000007a7b80000,0x00000007c0000000)
 ParOldGen       total 1023488K, used 674840K [0x00000005c4000000, 0x0000000602780000, 0x0000000716b00000)
  object space 1023488K, 65% used [0x00000005c4000000,0x00000005ed3063b8,0x0000000602780000)
 Metaspace       used 129075K, capacity 132043K, committed 132352K, reserved 1159168K
  class space    used 21205K, capacity 22261K, committed 22272K, reserved 1048576K
Event: 88.418 GC heap after
Heap after GC invocations=37 (full 5):
 PSYoungGen      total 2392576K, used 183468K [0x0000000716b00000, 0x00000007c0000000, 0x00000007c0000000)
  eden space 1994752K, 0% used [0x0000000716b00000,0x0000000716b00000,0x0000000790700000)
  from space 397824K, 46% used [0x00000007a7b80000,0x00000007b2eab150,0x00000007c0000000)
  to   space 381440K, 0% used [0x0000000790700000,0x0000000790700000,0x00000007a7b80000)
 ParOldGen       total 1023488K, used 697088K [0x00000005c4000000, 0x0000000602780000, 0x0000000716b00000)
  object space 1023488K, 68% used [0x00000005c4000000,0x00000005ee8c0198,0x0000000602780000)
 Metaspace       used 129075K, capacity 132043K, committed 132352K, reserved 1159168K
  class space    used 21205K, capacity 22261K, committed 22272K, reserved 1048576K
}
Event: 91.461 GC heap before
{Heap before GC invocations=38 (full 5):
 PSYoungGen      total 2392576K, used 2178220K [0x0000000716b00000, 0x00000007c0000000, 0x00000007c0000000)
  eden space 1994752K, 100% used [0x0000000716b00000,0x0000000790700000,0x0000000790700000)
  from space 397824K, 46% used [0x00000007a7b80000,0x00000007b2eab150,0x00000007c0000000)
  to   space 381440K, 0% used [0x0000000790700000,0x0000000790700000,0x00000007a7b80000)
 ParOldGen       total 1023488K, used 697088K [0x00000005c4000000, 0x0000000602780000, 0x0000000716b00000)
  object space 1023488K, 68% used [0x00000005c4000000,0x00000005ee8c0198,0x0000000602780000)
 Metaspace       used 132236K, capacity 135323K, committed 135808K, reserved 1163264K
  class space    used 21745K, capacity 22905K, committed 22912K, reserved 1048576K
Event: 91.551 GC heap after
Heap after GC invocations=38 (full 5):
 PSYoungGen      total 2146816K, used 152047K [0x0000000716b00000, 0x00000007bcb00000, 0x00000007c0000000)
  eden space 1994752K, 0% used [0x0000000716b00000,0x0000000716b00000,0x0000000790700000)
  from space 152064K, 99% used [0x0000000790700000,0x0000000799b7bf50,0x0000000799b80000)
  to   space 362496K, 0% used [0x00000007a6900000,0x00000007a6900000,0x00000007bcb00000)
 ParOldGen       total 1023488K, used 755497K [0x00000005c4000000, 0x0000000602780000, 0x0000000716b00000)
  object space 1023488K, 73% used [0x00000005c4000000,0x00000005f21ca4a0,0x0000000602780000)
 Metaspace       used 132236K, capacity 135323K, committed 135808K, reserved 1163264K
  class space    used 21745K, capacity 22905K, committed 22912K, reserved 1048576K
}
Event: 97.214 GC heap before
{Heap before GC invocations=39 (full 5):
 PSYoungGen      total 2146816K, used 2146799K [0x0000000716b00000, 0x00000007bcb00000, 0x00000007c0000000)
  eden space 1994752K, 100% used [0x0000000716b00000,0x0000000790700000,0x0000000790700000)
  from space 152064K, 99% used [0x0000000790700000,0x0000000799b7bf50,0x0000000799b80000)
  to   space 362496K, 0% used [0x00000007a6900000,0x00000007a6900000,0x00000007bcb00000)
 ParOldGen       total 1023488K, used 755497K [0x00000005c4000000, 0x0000000602780000, 0x0000000716b00000)
  object space 1023488K, 73% used [0x00000005c4000000,0x00000005f21ca4a0,0x0000000602780000)
 Metaspace       used 143073K, capacity 146309K, committed 146816K, reserved 1171456K
  class space    used 23765K, capacity 24954K, committed 24960K, reserved 1048576K
Event: 97.298 GC heap after
Heap after GC invocations=39 (full 5):
 PSYoungGen      total 2366976K, used 192730K [0x0000000716b00000, 0x00000007c0000000, 0x00000007c0000000)
  eden space 2004480K, 0% used [0x0000000716b00000,0x0000000716b00000,0x0000000791080000)
  from space 362496K, 53% used [0x00000007a6900000,0x00000007b2536980,0x00000007bcb00000)
  to   space 352768K, 0% used [0x0000000791080000,0x0000000791080000,0x00000007a6900000)
 ParOldGen       total 1023488K, used 794656K [0x00000005c4000000, 0x0000000602780000, 0x0000000716b00000)
  object space 1023488K, 77% used [0x00000005c4000000,0x00000005f48082a0,0x0000000602780000)
 Metaspace       used 143073K, capacity 146309K, committed 146816K, reserved 1171456K
  class space    used 23765K, capacity 24954K, committed 24960K, reserved 1048576K
}
Event: 101.512 GC heap before
{Heap before GC invocations=40 (full 5):
 PSYoungGen      total 2366976K, used 2197210K [0x0000000716b00000, 0x00000007c0000000, 0x00000007c0000000)
  eden space 2004480K, 100% used [0x0000000716b00000,0x0000000791080000,0x0000000791080000)
  from space 362496K, 53% used [0x00000007a6900000,0x00000007b2536980,0x00000007bcb00000)
  to   space 352768K, 0% used [0x0000000791080000,0x0000000791080000,0x00000007a6900000)
 ParOldGen       total 1023488K, used 794656K [0x00000005c4000000, 0x0000000602780000, 0x0000000716b00000)
  object space 1023488K, 77% used [0x00000005c4000000,0x00000005f48082a0,0x0000000602780000)
 Metaspace       used 152526K, capacity 156325K, committed 156800K, reserved 1179648K
  class space    used 25754K, capacity 27206K, committed 27264K, reserved 1048576K
Event: 101.605 GC heap after
Heap after GC invocations=40 (full 5):
 PSYoungGen      total 2357248K, used 157921K [0x0000000716b00000, 0x00000007bd680000, 0x00000007c0000000)
  eden space 2004480K, 0% used [0x0000000716b00000,0x0000000716b00000,0x0000000791080000)
  from space 352768K, 44% used [0x0000000791080000,0x000000079aab8630,0x00000007a6900000)
  to   space 336384K, 0% used [0x00000007a8e00000,0x00000007a8e00000,0x00000007bd680000)
 ParOldGen       total 1023488K, used 876006K [0x00000005c4000000, 0x0000000602780000, 0x0000000716b00000)
  object space 1023488K, 85% used [0x00000005c4000000,0x00000005f9779be8,0x0000000602780000)
 Metaspace       used 152526K, capacity 156325K, committed 156800K, reserved 1179648K
  class space    used 25754K, capacity 27206K, committed 27264K, reserved 1048576K
}

